total 152
drwxr-xr-x 13 root root  4096 May 16 17:46 .
drwxr-xr-x  1 root root  4096 May 16 17:52 ..
-rw-r--r--  1 root root    61 May  9 12:59 .gitignore
-rw-r--r--  1 root root   151 May  9 12:59 .gitmodules
drwxr-xr-x  6 root root  4096 May  9 12:59 CompanyConfig
-rw-r--r--  1 root root 13204 May  9 12:59 Contribution.md
-rw-r--r--  1 root root   687 May  9 12:59 Dockerfile
-rw-r--r--  1 root root 11337 May  9 12:59 LICENSE
-rw-r--r--  1 root root 13879 May  9 12:59 README.md
drwxr-xr-x  3 root root  4096 May  9 12:59 SRDD
drwxr-xr-x 69 root root  4096 May 16 17:56 WareHouse
drwxr-xr-x  6 root root  4096 May 16 17:23 camel
drwxr-xr-x  3 root root  4096 May 16 17:23 chatdev
drwxr-xr-x  2 root root  4096 May 16 13:22 data
-rw-r--r--  1 root root   322 May 16 17:18 docker-compose.yml
drwxr-xr-x  5 root root  4096 May 16 17:23 ecl
drwxrwxrwx  2 root root  4096 May 16 18:01 logs
drwxr-xr-x  2 root root  4096 May  9 12:59 misc
drwxr-xr-x  2 root root  4096 May  9 12:59 readme
-rw-r--r--  1 root root   325 May  9 12:59 requirements.txt
-rw-r--r--  1 root root  5330 May  9 12:59 run.py
drwxr-xr-x  4 root root  4096 May 16 17:23 visualizer
-rw-r--r--  1 root root 26418 May  9 12:59 wiki.md
